> Task :gradle:checkKotlinGradlePluginConfigurationErrors SKIPPED
> Task :gradle:compileKotlin UP-TO-DATE
> Task :gradle:compileJava NO-SOURCE
> Task :gradle:compileGroovy NO-SOURCE
> Task :gradle:pluginDescriptors UP-TO-DATE
> Task :gradle:processResources UP-TO-DATE
> Task :gradle:classes UP-TO-DATE
> Task :gradle:jar UP-TO-DATE
> Task :app:preBuild UP-TO-DATE
> Task :app:preReleaseBuild UP-TO-DATE
> Task :app:extractReleaseVersionControlInfo

> Task :app:compileFlutterBuildRelease
D:\App-Store-Devlopement\Well360-Frontend\.dart_tool\package_config.json does not exist.
Did you run this command from the same directory as your pubspec.yaml file?
D:\App-Store-Devlopement\Well360-Frontend\.dart_tool\package_config.json does not exist.
Did you run this command from the same directory as your pubspec.yaml file?
Target gen_dart_plugin_registrant failed: Error: 
Target dart_build failed: Error: 


> Task :app:compileFlutterBuildRelease FAILED

[Incubating] Problems report is available at: file:///D:/App-Store-Devlopement/Well360-Frontend/build/reports/problems/problems-report.html

FAILURE: Build failed with an exception.

* What went wrong:
Execution failed for task ':app:compileFlutterBuildRelease'.
> Process 'command 'C:\flutter\bin\flutter.bat'' finished with non-zero exit value 1

* Try:
> Run with --stacktrace option to get the stack trace.
> Run with --info or --debug option to get more log output.
> Run with --scan to get full insights.
> Get more help at https://help.gradle.org.

Deprecated Gradle features were used in this build, making it incompatible with Gradle 9.0.

You can use '--warning-mode all' to show the individual deprecation warnings and determine if they come from your own scripts or plugins.

For more on this, please refer to https://docs.gradle.org/8.14/userguide/command_line_interface.html#sec:command_line_warnings in the Gradle documentation.

BUILD FAILED in 7s
6 actionable tasks: 2 executed, 4 up-to-date
